test_add_two_nagetive (Lesson_python.python_unittest.test_math.test_mathTest) ... ERROR
test_add_two_positive (Lesson_python.python_unittest.test_math.test_mathTest) ... ok

======================================================================
ERROR: test_add_two_nagetive (Lesson_python.python_unittest.test_math.test_mathTest)
----------------------------------------------------------------------
Traceback (most recent call last):
  File "C:\Users\Administrator\PycharmProjects\pythonStudy\venv\Lesson_python\python_unittest\test_math.py", line 18, in test_add_two_nagetive
    result = mathTest(-2)
TypeError: __init__() missing 1 required positional argument: 'b'

----------------------------------------------------------------------
Ran 2 tests in 0.000s

FAILED (errors=1)
